<?xml version="1.0" encoding="UTF-8"?>
<!-- Generated by org.testng.reporters.JUnitReportReporter -->
<testsuite skipped="0" hostname="Admin-PC" name="com.mvn.testcases.LoginTest" tests="1" failures="0" timestamp="25 Aug 2019 15:10:35 GMT" time="3.129" errors="0">
  <testcase name="loginAsManager" time="3.129" classname="com.mvn.testcases.LoginTest"/>
</testsuite> <!-- com.mvn.testcases.LoginTest -->
